C:\USERS\CREEC\DESKTOP\SILENT\SILENT\STEALTH\OFFLINE FILES\ORIGINAL OFFLINE\SILENT\SILENT\DEBUG\BOOTLOADER.OBJ
C:\Users\creec\Desktop\silent\silent\stealth\offline files\original offline\silent\silent\Debug\cl.command.1.tlog
C:\Users\creec\Desktop\silent\silent\stealth\offline files\original offline\silent\silent\Debug\CL.read.1.tlog
C:\Users\creec\Desktop\silent\silent\stealth\offline files\original offline\silent\silent\Debug\CL.write.1.tlog
C:\USERS\CREEC\DESKTOP\SILENT\SILENT\STEALTH\OFFLINE FILES\ORIGINAL OFFLINE\SILENT\SILENT\DEBUG\DETOUR.OBJ
C:\Users\creec\Desktop\silent\silent\stealth\offline files\original offline\silent\silent\Debug\link.command.1.tlog
C:\Users\creec\Desktop\silent\silent\stealth\offline files\original offline\silent\silent\Debug\link.read.1.tlog
C:\Users\creec\Desktop\silent\silent\stealth\offline files\original offline\silent\silent\Debug\link.write.1.tlog
C:\USERS\CREEC\DESKTOP\SILENT\SILENT\STEALTH\OFFLINE FILES\ORIGINAL OFFLINE\SILENT\SILENT\DEBUG\SILENT.EXE
C:\USERS\CREEC\DESKTOP\SILENT\SILENT\STEALTH\OFFLINE FILES\ORIGINAL OFFLINE\SILENT\SILENT\DEBUG\SILENT.ILK
C:\USERS\CREEC\DESKTOP\SILENT\SILENT\STEALTH\OFFLINE FILES\ORIGINAL OFFLINE\SILENT\SILENT\DEBUG\SILENT.OBJ
C:\USERS\CREEC\DESKTOP\SILENT\SILENT\STEALTH\OFFLINE FILES\ORIGINAL OFFLINE\SILENT\SILENT\DEBUG\SILENT.PCH
C:\USERS\CREEC\DESKTOP\SILENT\SILENT\STEALTH\OFFLINE FILES\ORIGINAL OFFLINE\SILENT\SILENT\DEBUG\SILENT.PDB
C:\Users\creec\Desktop\silent\silent\stealth\offline files\original offline\silent\silent\Debug\silent.xdb
C:\Users\creec\Desktop\silent\silent\stealth\offline files\original offline\silent\silent\Debug\silent.xex
C:\USERS\CREEC\DESKTOP\SILENT\SILENT\STEALTH\OFFLINE FILES\ORIGINAL OFFLINE\SILENT\SILENT\DEBUG\STDAFX.OBJ
C:\USERS\CREEC\DESKTOP\SILENT\SILENT\STEALTH\OFFLINE FILES\ORIGINAL OFFLINE\SILENT\SILENT\DEBUG\SYSTEM.OBJ
C:\USERS\CREEC\DESKTOP\SILENT\SILENT\STEALTH\OFFLINE FILES\ORIGINAL OFFLINE\SILENT\SILENT\DEBUG\TITLE.OBJ
C:\USERS\CREEC\DESKTOP\SILENT\SILENT\STEALTH\OFFLINE FILES\ORIGINAL OFFLINE\SILENT\SILENT\DEBUG\TOOLS.OBJ
C:\Users\creec\Desktop\silent\silent\stealth\offline files\original offline\silent\silent\Debug\vc100.idb
C:\USERS\CREEC\DESKTOP\SILENT\SILENT\STEALTH\OFFLINE FILES\ORIGINAL OFFLINE\SILENT\SILENT\DEBUG\VC100.PDB
